<?xml version="1.0" encoding="UTF-8"?>
<coverage generated="1763858235225" clover="3.2.0">
  <project timestamp="1763858235225" name="All files">
    <metrics statements="227" coveredstatements="169" conditionals="116" coveredconditionals="86" methods="53" coveredmethods="37" elements="396" coveredelements="292" complexity="0" loc="227" ncloc="227" packages="4" files="8" classes="8"/>
    <package name="navigation">
      <metrics statements="3" coveredstatements="0" conditionals="0" coveredconditionals="0" methods="1" coveredmethods="0"/>
      <file name="AppNavigator.js" path="/Users/automation2/Documents/workspace/project/xq-app/xq-fitness/mobile/src/navigation/AppNavigator.js">
        <metrics statements="3" coveredstatements="0" conditionals="0" coveredconditionals="0" methods="1" coveredmethods="0"/>
        <line num="13" count="0" type="stmt"/>
        <line num="15" count="0" type="stmt"/>
        <line num="16" count="0" type="stmt"/>
      </file>
    </package>
    <package name="screens">
      <metrics statements="180" coveredstatements="149" conditionals="109" coveredconditionals="82" methods="39" coveredmethods="37"/>
      <file name="CreateRoutineScreen.js" path="/Users/automation2/Documents/workspace/project/xq-app/xq-fitness/mobile/src/screens/CreateRoutineScreen.js">
        <metrics statements="18" coveredstatements="18" conditionals="12" coveredconditionals="10" methods="3" coveredmethods="3"/>
        <line num="16" count="1" type="stmt"/>
        <line num="17" count="17" type="stmt"/>
        <line num="18" count="17" type="stmt"/>
        <line num="19" count="17" type="stmt"/>
        <line num="20" count="17" type="stmt"/>
        <line num="22" count="17" type="stmt"/>
        <line num="23" count="3" type="cond" truecount="2" falsecount="0"/>
        <line num="24" count="1" type="stmt"/>
        <line num="25" count="1" type="stmt"/>
        <line num="28" count="2" type="stmt"/>
        <line num="29" count="2" type="stmt"/>
        <line num="30" count="2" type="stmt"/>
        <line num="35" count="1" type="stmt"/>
        <line num="36" count="1" type="stmt"/>
        <line num="39" count="1" type="stmt"/>
        <line num="40" count="1" type="stmt"/>
        <line num="45" count="2" type="stmt"/>
        <line num="49" count="17" type="stmt"/>
      </file>
      <file name="EditRoutineScreen.js" path="/Users/automation2/Documents/workspace/project/xq-app/xq-fitness/mobile/src/screens/EditRoutineScreen.js">
        <metrics statements="19" coveredstatements="17" conditionals="14" coveredconditionals="9" methods="3" coveredmethods="3"/>
        <line num="16" count="1" type="stmt"/>
        <line num="17" count="9" type="stmt"/>
        <line num="18" count="9" type="stmt"/>
        <line num="19" count="9" type="cond" truecount="1" falsecount="1"/>
        <line num="20" count="9" type="stmt"/>
        <line num="21" count="9" type="stmt"/>
        <line num="23" count="9" type="stmt"/>
        <line num="24" count="2" type="cond" truecount="2" falsecount="0"/>
        <line num="25" count="1" type="stmt"/>
        <line num="26" count="1" type="stmt"/>
        <line num="29" count="1" type="stmt"/>
        <line num="30" count="1" type="stmt"/>
        <line num="31" count="1" type="stmt"/>
        <line num="36" count="1" type="stmt"/>
        <line num="37" count="1" type="stmt"/>
        <line num="40" count="0" type="stmt"/>
        <line num="41" count="0" type="stmt"/>
        <line num="46" count="1" type="stmt"/>
        <line num="50" count="9" type="stmt"/>
      </file>
      <file name="ManageWorkoutDayScreen.js" path="/Users/automation2/Documents/workspace/project/xq-app/xq-fitness/mobile/src/screens/ManageWorkoutDayScreen.js">
        <metrics statements="73" coveredstatements="55" conditionals="58" coveredconditionals="40" methods="9" coveredmethods="9"/>
        <line num="23" count="1" type="stmt"/>
        <line num="24" count="27" type="stmt"/>
        <line num="26" count="27" type="cond" truecount="2" falsecount="0"/>
        <line num="27" count="27" type="cond" truecount="2" falsecount="0"/>
        <line num="28" count="27" type="cond" truecount="2" falsecount="0"/>
        <line num="29" count="27" type="stmt"/>
        <line num="30" count="27" type="stmt"/>
        <line num="31" count="27" type="stmt"/>
        <line num="32" count="27" type="stmt"/>
        <line num="34" count="27" type="stmt"/>
        <line num="35" count="8" type="stmt"/>
        <line num="36" count="8" type="cond" truecount="4" falsecount="0"/>
        <line num="38" count="1" type="stmt"/>
        <line num="39" count="1" type="stmt"/>
        <line num="40" count="2" type="stmt"/>
        <line num="45" count="1" type="stmt"/>
        <line num="49" count="27" type="stmt"/>
        <line num="50" count="8" type="stmt"/>
        <line num="51" count="8" type="stmt"/>
        <line num="52" count="7" type="stmt"/>
        <line num="54" count="0" type="stmt"/>
        <line num="55" count="0" type="stmt"/>
        <line num="57" count="7" type="stmt"/>
        <line num="61" count="27" type="stmt"/>
        <line num="62" count="2" type="cond" truecount="3" falsecount="1"/>
        <line num="64" count="0" type="stmt"/>
        <line num="65" count="0" type="stmt"/>
        <line num="66" count="0" type="stmt"/>
        <line num="68" count="2" type="stmt"/>
        <line num="78" count="27" type="stmt"/>
        <line num="80" count="3" type="cond" truecount="4" falsecount="0"/>
        <line num="81" count="1" type="stmt"/>
        <line num="82" count="1" type="stmt"/>
        <line num="84" count="2" type="cond" truecount="1" falsecount="1"/>
        <line num="85" count="0" type="stmt"/>
        <line num="86" count="0" type="stmt"/>
        <line num="89" count="2" type="stmt"/>
        <line num="90" count="2" type="cond" truecount="2" falsecount="0"/>
        <line num="91" count="1" type="stmt"/>
        <line num="92" count="1" type="stmt"/>
        <line num="96" count="1" type="stmt"/>
        <line num="97" count="1" type="stmt"/>
        <line num="98" count="1" type="cond" truecount="3" falsecount="1"/>
        <line num="99" count="0" type="stmt"/>
        <line num="100" count="0" type="stmt"/>
        <line num="104" count="1" type="stmt"/>
        <line num="105" count="1" type="stmt"/>
        <line num="107" count="1" type="stmt"/>
        <line num="110" count="1" type="cond" truecount="1" falsecount="1"/>
        <line num="111" count="0" type="stmt"/>
        <line num="117" count="1" type="stmt"/>
        <line num="123" count="1" type="stmt"/>
        <line num="127" count="1" type="cond" truecount="1" falsecount="1"/>
        <line num="129" count="0" type="cond" truecount="0" falsecount="2"/>
        <line num="130" count="0" type="stmt"/>
        <line num="131" count="0" type="stmt"/>
        <line num="132" count="0" type="cond" truecount="0" falsecount="2"/>
        <line num="134" count="0" type="stmt"/>
        <line num="140" count="1" type="stmt"/>
        <line num="141" count="1" type="stmt"/>
        <line num="142" count="1" type="cond" truecount="1" falsecount="1"/>
        <line num="144" count="0" type="stmt"/>
        <line num="147" count="1" type="stmt"/>
        <line num="155" count="1" type="stmt"/>
        <line num="158" count="1" type="stmt"/>
        <line num="161" count="0" type="stmt"/>
        <line num="162" count="0" type="stmt"/>
        <line num="167" count="1" type="stmt"/>
        <line num="171" count="27" type="cond" truecount="2" falsecount="0"/>
        <line num="172" count="9" type="stmt"/>
        <line num="179" count="18" type="stmt"/>
        <line num="232" count="108" type="stmt"/>
        <line num="257" count="2" type="stmt"/>
      </file>
      <file name="RoutineDetailScreen.js" path="/Users/automation2/Documents/workspace/project/xq-app/xq-fitness/mobile/src/screens/RoutineDetailScreen.js">
        <metrics statements="34" coveredstatements="27" conditionals="17" coveredconditionals="15" methods="12" coveredmethods="10"/>
        <line num="14" count="1" type="stmt"/>
        <line num="15" count="14" type="stmt"/>
        <line num="16" count="14" type="stmt"/>
        <line num="17" count="14" type="stmt"/>
        <line num="19" count="14" type="stmt"/>
        <line num="20" count="8" type="stmt"/>
        <line num="21" count="8" type="stmt"/>
        <line num="22" count="8" type="stmt"/>
        <line num="23" count="7" type="stmt"/>
        <line num="25" count="0" type="stmt"/>
        <line num="26" count="0" type="stmt"/>
        <line num="28" count="7" type="stmt"/>
        <line num="32" count="14" type="stmt"/>
        <line num="34" count="7" type="stmt"/>
        <line num="38" count="14" type="stmt"/>
        <line num="39" count="1" type="stmt"/>
        <line num="48" count="1" type="stmt"/>
        <line num="49" count="1" type="stmt"/>
        <line num="50" count="1" type="stmt"/>
        <line num="51" count="1" type="stmt"/>
        <line num="53" count="0" type="stmt"/>
        <line num="54" count="0" type="stmt"/>
        <line num="62" count="14" type="cond" truecount="2" falsecount="0"/>
        <line num="63" count="7" type="stmt"/>
        <line num="70" count="7" type="cond" truecount="1" falsecount="1"/>
        <line num="71" count="0" type="stmt"/>
        <line num="78" count="7" type="stmt"/>
        <line num="101" count="1" type="stmt"/>
        <line num="114" count="0" type="stmt"/>
        <line num="116" count="6" type="stmt"/>
        <line num="130" count="1" type="stmt"/>
        <line num="142" count="1" type="stmt"/>
        <line num="157" count="6" type="stmt"/>
        <line num="174" count="0" type="stmt"/>
      </file>
      <file name="RoutineListScreen.js" path="/Users/automation2/Documents/workspace/project/xq-app/xq-fitness/mobile/src/screens/RoutineListScreen.js">
        <metrics statements="36" coveredstatements="32" conditionals="8" coveredconditionals="8" methods="12" coveredmethods="12"/>
        <line num="15" count="1" type="stmt"/>
        <line num="16" count="17" type="stmt"/>
        <line num="17" count="17" type="stmt"/>
        <line num="18" count="17" type="stmt"/>
        <line num="20" count="17" type="stmt"/>
        <line num="21" count="10" type="stmt"/>
        <line num="22" count="10" type="stmt"/>
        <line num="23" count="10" type="stmt"/>
        <line num="24" count="9" type="stmt"/>
        <line num="26" count="0" type="stmt"/>
        <line num="27" count="0" type="stmt"/>
        <line num="29" count="9" type="stmt"/>
        <line num="30" count="9" type="stmt"/>
        <line num="34" count="17" type="stmt"/>
        <line num="36" count="8" type="stmt"/>
        <line num="40" count="17" type="stmt"/>
        <line num="41" count="1" type="stmt"/>
        <line num="42" count="1" type="stmt"/>
        <line num="45" count="17" type="stmt"/>
        <line num="46" count="1" type="stmt"/>
        <line num="55" count="1" type="stmt"/>
        <line num="56" count="1" type="stmt"/>
        <line num="57" count="1" type="stmt"/>
        <line num="58" count="1" type="stmt"/>
        <line num="60" count="0" type="stmt"/>
        <line num="61" count="0" type="stmt"/>
        <line num="69" count="17" type="stmt"/>
        <line num="70" count="15" type="stmt"/>
        <line num="73" count="1" type="stmt"/>
        <line num="92" count="1" type="stmt"/>
        <line num="99" count="1" type="stmt"/>
        <line num="109" count="17" type="cond" truecount="4" falsecount="0"/>
        <line num="110" count="8" type="stmt"/>
        <line num="117" count="9" type="stmt"/>
        <line num="123" count="20" type="stmt"/>
        <line num="155" count="1" type="stmt"/>
      </file>
    </package>
    <package name="services">
      <metrics statements="41" coveredstatements="17" conditionals="7" coveredconditionals="4" methods="13" coveredmethods="0"/>
      <file name="api.js" path="/Users/automation2/Documents/workspace/project/xq-app/xq-fitness/mobile/src/services/api.js">
        <metrics statements="41" coveredstatements="17" conditionals="7" coveredconditionals="4" methods="13" coveredmethods="0"/>
        <line num="5" count="5" type="cond" truecount="2" falsecount="0"/>
        <line num="6" count="5" type="cond" truecount="2" falsecount="0"/>
        <line num="9" count="5" type="stmt"/>
        <line num="17" count="5" type="stmt"/>
        <line num="26" count="5" type="stmt"/>
        <line num="27" count="0" type="stmt"/>
        <line num="28" count="0" type="stmt"/>
        <line num="31" count="5" type="cond" truecount="0" falsecount="1"/>
        <line num="32" count="0" type="cond" truecount="0" falsecount="2"/>
        <line num="33" count="0" type="stmt"/>
        <line num="34" count="0" type="stmt"/>
        <line num="37" count="5" type="stmt"/>
        <line num="38" count="0" type="stmt"/>
        <line num="39" count="0" type="stmt"/>
        <line num="42" count="5" type="stmt"/>
        <line num="43" count="0" type="stmt"/>
        <line num="44" count="0" type="stmt"/>
        <line num="48" count="5" type="stmt"/>
        <line num="49" count="0" type="stmt"/>
        <line num="50" count="0" type="stmt"/>
        <line num="53" count="5" type="stmt"/>
        <line num="54" count="0" type="stmt"/>
        <line num="55" count="0" type="stmt"/>
        <line num="58" count="5" type="stmt"/>
        <line num="59" count="0" type="stmt"/>
        <line num="62" count="5" type="stmt"/>
        <line num="63" count="0" type="stmt"/>
        <line num="64" count="0" type="stmt"/>
        <line num="67" count="5" type="stmt"/>
        <line num="68" count="0" type="stmt"/>
        <line num="69" count="0" type="stmt"/>
        <line num="72" count="5" type="stmt"/>
        <line num="73" count="0" type="stmt"/>
        <line num="76" count="5" type="stmt"/>
        <line num="77" count="0" type="stmt"/>
        <line num="78" count="0" type="stmt"/>
        <line num="81" count="5" type="stmt"/>
        <line num="82" count="0" type="stmt"/>
        <line num="83" count="0" type="stmt"/>
        <line num="86" count="5" type="stmt"/>
        <line num="87" count="0" type="stmt"/>
      </file>
    </package>
    <package name="styles">
      <metrics statements="3" coveredstatements="3" conditionals="0" coveredconditionals="0" methods="0" coveredmethods="0"/>
      <file name="common.js" path="/Users/automation2/Documents/workspace/project/xq-app/xq-fitness/mobile/src/styles/common.js">
        <metrics statements="3" coveredstatements="3" conditionals="0" coveredconditionals="0" methods="0" coveredmethods="0"/>
        <line num="3" count="5" type="stmt"/>
        <line num="17" count="5" type="stmt"/>
        <line num="25" count="5" type="stmt"/>
      </file>
    </package>
  </project>
</coverage>
