{"/Users/automation2/Documents/workspace/project/xq-app/xq-fitness/mobile/src/navigation/AppNavigator.js": {"path":"/Users/automation2/Documents/workspace/project/xq-app/xq-fitness/mobile/src/navigation/AppNavigator.js","statementMap":{"0":{"start":{"line":13,"column":14},"end":{"line":13,"column":36}},"1":{"start":{"line":15,"column":21},"end":{"line":58,"column":1}},"2":{"start":{"line":16,"column":2},"end":{"line":57,"column":4}}},"fnMap":{"0":{"name":"(anonymous_0)","decl":{"start":{"line":15,"column":21},"end":{"line":15,"column":22}},"loc":{"start":{"line":15,"column":27},"end":{"line":58,"column":1}},"line":15}},"branchMap":{},"s":{"0":0,"1":0,"2":0},"f":{"0":0},"b":{}}
,"/Users/automation2/Documents/workspace/project/xq-app/xq-fitness/mobile/src/screens/CreateRoutineScreen.js": {"path":"/Users/automation2/Documents/workspace/project/xq-app/xq-fitness/mobile/src/screens/CreateRoutineScreen.js","statementMap":{"0":{"start":{"line":16,"column":28},"end":{"line":106,"column":1}},"1":{"start":{"line":17,"column":26},"end":{"line":17,"column":38}},"2":{"start":{"line":18,"column":40},"end":{"line":18,"column":52}},"3":{"start":{"line":19,"column":34},"end":{"line":19,"column":48}},"4":{"start":{"line":20,"column":32},"end":{"line":20,"column":47}},"5":{"start":{"line":22,"column":23},"end":{"line":47,"column":3}},"6":{"start":{"line":23,"column":4},"end":{"line":26,"column":5}},"7":{"start":{"line":24,"column":6},"end":{"line":24,"column":69}},"8":{"start":{"line":25,"column":6},"end":{"line":25,"column":13}},"9":{"start":{"line":28,"column":4},"end":{"line":46,"column":5}},"10":{"start":{"line":29,"column":6},"end":{"line":29,"column":23}},"11":{"start":{"line":30,"column":6},"end":{"line":34,"column":9}},"12":{"start":{"line":35,"column":6},"end":{"line":37,"column":9}},"13":{"start":{"line":36,"column":37},"end":{"line":36,"column":56}},"14":{"start":{"line":39,"column":6},"end":{"line":39,"column":54}},"15":{"start":{"line":40,"column":6},"end":{"line":43,"column":8}},"16":{"start":{"line":45,"column":6},"end":{"line":45,"column":24}},"17":{"start":{"line":49,"column":2},"end":{"line":105,"column":4}}},"fnMap":{"0":{"name":"(anonymous_0)","decl":{"start":{"line":16,"column":28},"end":{"line":16,"column":29}},"loc":{"start":{"line":16,"column":48},"end":{"line":106,"column":1}},"line":16},"1":{"name":"(anonymous_1)","decl":{"start":{"line":22,"column":23},"end":{"line":22,"column":24}},"loc":{"start":{"line":22,"column":35},"end":{"line":47,"column":3}},"line":22},"2":{"name":"(anonymous_2)","decl":{"start":{"line":36,"column":31},"end":{"line":36,"column":32}},"loc":{"start":{"line":36,"column":37},"end":{"line":36,"column":56}},"line":36}},"branchMap":{"0":{"loc":{"start":{"line":23,"column":4},"end":{"line":26,"column":5}},"type":"if","locations":[{"start":{"line":23,"column":4},"end":{"line":26,"column":5}},{"start":{},"end":{}}],"line":23},"1":{"loc":{"start":{"line":32,"column":21},"end":{"line":32,"column":47}},"type":"binary-expr","locations":[{"start":{"line":32,"column":21},"end":{"line":32,"column":39}},{"start":{"line":32,"column":43},"end":{"line":32,"column":47}}],"line":32},"2":{"loc":{"start":{"line":42,"column":8},"end":{"line":42,"column":67}},"type":"binary-expr","locations":[{"start":{"line":42,"column":8},"end":{"line":42,"column":37}},{"start":{"line":42,"column":41},"end":{"line":42,"column":67}}],"line":42},"3":{"loc":{"start":{"line":53,"column":16},"end":{"line":53,"column":60}},"type":"cond-expr","locations":[{"start":{"line":53,"column":40},"end":{"line":53,"column":49}},{"start":{"line":53,"column":52},"end":{"line":53,"column":60}}],"line":53},"4":{"loc":{"start":{"line":95,"column":39},"end":{"line":95,"column":66}},"type":"binary-expr","locations":[{"start":{"line":95,"column":39},"end":{"line":95,"column":46}},{"start":{"line":95,"column":50},"end":{"line":95,"column":66}}],"line":95},"5":{"loc":{"start":{"line":100,"column":13},"end":{"line":100,"column":55}},"type":"cond-expr","locations":[{"start":{"line":100,"column":23},"end":{"line":100,"column":36}},{"start":{"line":100,"column":39},"end":{"line":100,"column":55}}],"line":100}},"s":{"0":1,"1":17,"2":17,"3":17,"4":17,"5":17,"6":3,"7":1,"8":1,"9":2,"10":2,"11":2,"12":1,"13":1,"14":1,"15":1,"16":2,"17":17},"f":{"0":17,"1":3,"2":1},"b":{"0":[1,2],"1":[2,1],"2":[1,0],"3":[17,0],"4":[17,2],"5":[2,15]},"_coverageSchema":"1a1c01bbd47fc00a2c39e90264f33305004495a9","hash":"ddc0ce1f9526ff5401fa2456f6c2d2b7c190ecda"}
,"/Users/automation2/Documents/workspace/project/xq-app/xq-fitness/mobile/src/screens/EditRoutineScreen.js": {"path":"/Users/automation2/Documents/workspace/project/xq-app/xq-fitness/mobile/src/screens/EditRoutineScreen.js","statementMap":{"0":{"start":{"line":16,"column":26},"end":{"line":107,"column":1}},"1":{"start":{"line":17,"column":33},"end":{"line":17,"column":45}},"2":{"start":{"line":18,"column":26},"end":{"line":18,"column":48}},"3":{"start":{"line":19,"column":40},"end":{"line":19,"column":75}},"4":{"start":{"line":20,"column":34},"end":{"line":20,"column":60}},"5":{"start":{"line":21,"column":32},"end":{"line":21,"column":47}},"6":{"start":{"line":23,"column":23},"end":{"line":48,"column":3}},"7":{"start":{"line":24,"column":4},"end":{"line":27,"column":5}},"8":{"start":{"line":25,"column":6},"end":{"line":25,"column":69}},"9":{"start":{"line":26,"column":6},"end":{"line":26,"column":13}},"10":{"start":{"line":29,"column":4},"end":{"line":47,"column":5}},"11":{"start":{"line":30,"column":6},"end":{"line":30,"column":23}},"12":{"start":{"line":31,"column":6},"end":{"line":35,"column":9}},"13":{"start":{"line":36,"column":6},"end":{"line":38,"column":9}},"14":{"start":{"line":37,"column":37},"end":{"line":37,"column":56}},"15":{"start":{"line":40,"column":6},"end":{"line":40,"column":54}},"16":{"start":{"line":41,"column":6},"end":{"line":44,"column":8}},"17":{"start":{"line":46,"column":6},"end":{"line":46,"column":24}},"18":{"start":{"line":50,"column":2},"end":{"line":106,"column":4}}},"fnMap":{"0":{"name":"(anonymous_0)","decl":{"start":{"line":16,"column":26},"end":{"line":16,"column":27}},"loc":{"start":{"line":16,"column":53},"end":{"line":107,"column":1}},"line":16},"1":{"name":"(anonymous_1)","decl":{"start":{"line":23,"column":23},"end":{"line":23,"column":24}},"loc":{"start":{"line":23,"column":35},"end":{"line":48,"column":3}},"line":23},"2":{"name":"(anonymous_2)","decl":{"start":{"line":37,"column":31},"end":{"line":37,"column":32}},"loc":{"start":{"line":37,"column":37},"end":{"line":37,"column":56}},"line":37}},"branchMap":{"0":{"loc":{"start":{"line":19,"column":49},"end":{"line":19,"column":74}},"type":"binary-expr","locations":[{"start":{"line":19,"column":49},"end":{"line":19,"column":68}},{"start":{"line":19,"column":72},"end":{"line":19,"column":74}}],"line":19},"1":{"loc":{"start":{"line":24,"column":4},"end":{"line":27,"column":5}},"type":"if","locations":[{"start":{"line":24,"column":4},"end":{"line":27,"column":5}},{"start":{},"end":{}}],"line":24},"2":{"loc":{"start":{"line":33,"column":21},"end":{"line":33,"column":47}},"type":"binary-expr","locations":[{"start":{"line":33,"column":21},"end":{"line":33,"column":39}},{"start":{"line":33,"column":43},"end":{"line":33,"column":47}}],"line":33},"3":{"loc":{"start":{"line":43,"column":8},"end":{"line":43,"column":67}},"type":"binary-expr","locations":[{"start":{"line":43,"column":8},"end":{"line":43,"column":37}},{"start":{"line":43,"column":41},"end":{"line":43,"column":67}}],"line":43},"4":{"loc":{"start":{"line":54,"column":16},"end":{"line":54,"column":60}},"type":"cond-expr","locations":[{"start":{"line":54,"column":40},"end":{"line":54,"column":49}},{"start":{"line":54,"column":52},"end":{"line":54,"column":60}}],"line":54},"5":{"loc":{"start":{"line":96,"column":39},"end":{"line":96,"column":66}},"type":"binary-expr","locations":[{"start":{"line":96,"column":39},"end":{"line":96,"column":46}},{"start":{"line":96,"column":50},"end":{"line":96,"column":66}}],"line":96},"6":{"loc":{"start":{"line":101,"column":13},"end":{"line":101,"column":55}},"type":"cond-expr","locations":[{"start":{"line":101,"column":23},"end":{"line":101,"column":36}},{"start":{"line":101,"column":39},"end":{"line":101,"column":55}}],"line":101}},"s":{"0":1,"1":9,"2":9,"3":9,"4":9,"5":9,"6":9,"7":2,"8":1,"9":1,"10":1,"11":1,"12":1,"13":1,"14":1,"15":0,"16":0,"17":1,"18":9},"f":{"0":9,"1":2,"2":1},"b":{"0":[9,0],"1":[1,1],"2":[1,0],"3":[0,0],"4":[9,0],"5":[9,1],"6":[1,8]},"_coverageSchema":"1a1c01bbd47fc00a2c39e90264f33305004495a9","hash":"ca0fa423b9b023f998aba8abe83961245e0887f2"}
,"/Users/automation2/Documents/workspace/project/xq-app/xq-fitness/mobile/src/screens/ManageWorkoutDayScreen.js": {"path":"/Users/automation2/Documents/workspace/project/xq-app/xq-fitness/mobile/src/screens/ManageWorkoutDayScreen.js","statementMap":{"0":{"start":{"line":23,"column":31},"end":{"line":280,"column":1}},"1":{"start":{"line":24,"column":44},"end":{"line":24,"column":56}},"2":{"start":{"line":26,"column":36},"end":{"line":26,"column":85}},"3":{"start":{"line":27,"column":32},"end":{"line":27,"column":67}},"4":{"start":{"line":28,"column":28},"end":{"line":28,"column":61}},"5":{"start":{"line":29,"column":42},"end":{"line":29,"column":54}},"6":{"start":{"line":30,"column":42},"end":{"line":30,"column":54}},"7":{"start":{"line":31,"column":32},"end":{"line":31,"column":47}},"8":{"start":{"line":32,"column":56},"end":{"line":32,"column":70}},"9":{"start":{"line":34,"column":2},"end":{"line":47,"column":9}},"10":{"start":{"line":35,"column":4},"end":{"line":35,"column":24}},"11":{"start":{"line":36,"column":4},"end":{"line":46,"column":5}},"12":{"start":{"line":38,"column":19},"end":{"line":38,"column":21}},"13":{"start":{"line":39,"column":6},"end":{"line":44,"column":9}},"14":{"start":{"line":40,"column":8},"end":{"line":43,"column":10}},"15":{"start":{"line":45,"column":6},"end":{"line":45,"column":28}},"16":{"start":{"line":49,"column":28},"end":{"line":59,"column":3}},"17":{"start":{"line":50,"column":4},"end":{"line":58,"column":5}},"18":{"start":{"line":51,"column":19},"end":{"line":51,"column":42}},"19":{"start":{"line":52,"column":6},"end":{"line":52,"column":28}},"20":{"start":{"line":54,"column":6},"end":{"line":54,"column":60}},"21":{"start":{"line":55,"column":6},"end":{"line":55,"column":59}},"22":{"start":{"line":57,"column":6},"end":{"line":57,"column":36}},"23":{"start":{"line":61,"column":26},"end":{"line":76,"column":3}},"24":{"start":{"line":62,"column":4},"end":{"line":75,"column":5}},"25":{"start":{"line":64,"column":22},"end":{"line":64,"column":41}},"26":{"start":{"line":65,"column":6},"end":{"line":65,"column":36}},"27":{"start":{"line":66,"column":6},"end":{"line":66,"column":31}},"28":{"start":{"line":68,"column":6},"end":{"line":74,"column":9}},"29":{"start":{"line":78,"column":23},"end":{"line":169,"column":3}},"30":{"start":{"line":80,"column":4},"end":{"line":83,"column":5}},"31":{"start":{"line":81,"column":6},"end":{"line":81,"column":88}},"32":{"start":{"line":82,"column":6},"end":{"line":82,"column":13}},"33":{"start":{"line":84,"column":4},"end":{"line":87,"column":5}},"34":{"start":{"line":85,"column":6},"end":{"line":85,"column":65}},"35":{"start":{"line":86,"column":6},"end":{"line":86,"column":13}},"36":{"start":{"line":89,"column":22},"end":{"line":89,"column":50}},"37":{"start":{"line":90,"column":4},"end":{"line":93,"column":5}},"38":{"start":{"line":91,"column":6},"end":{"line":91,"column":100}},"39":{"start":{"line":92,"column":6},"end":{"line":92,"column":13}},"40":{"start":{"line":96,"column":4},"end":{"line":102,"column":5}},"41":{"start":{"line":97,"column":19},"end":{"line":97,"column":46}},"42":{"start":{"line":98,"column":6},"end":{"line":101,"column":7}},"43":{"start":{"line":99,"column":8},"end":{"line":99,"column":95}},"44":{"start":{"line":100,"column":8},"end":{"line":100,"column":15}},"45":{"start":{"line":104,"column":4},"end":{"line":168,"column":5}},"46":{"start":{"line":105,"column":6},"end":{"line":105,"column":23}},"47":{"start":{"line":107,"column":25},"end":{"line":107,"column":39}},"48":{"start":{"line":110,"column":6},"end":{"line":124,"column":7}},"49":{"start":{"line":111,"column":8},"end":{"line":115,"column":11}},"50":{"start":{"line":117,"column":23},"end":{"line":122,"column":10}},"51":{"start":{"line":123,"column":8},"end":{"line":123,"column":33}},"52":{"start":{"line":127,"column":6},"end":{"line":137,"column":7}},"53":{"start":{"line":129,"column":29},"end":{"line":129,"column":50}},"54":{"start":{"line":130,"column":8},"end":{"line":136,"column":9}},"55":{"start":{"line":131,"column":32},"end":{"line":131,"column":58}},"56":{"start":{"line":132,"column":10},"end":{"line":135,"column":11}},"57":{"start":{"line":134,"column":12},"end":{"line":134,"column":54}},"58":{"start":{"line":140,"column":6},"end":{"line":153,"column":7}},"59":{"start":{"line":141,"column":29},"end":{"line":141,"column":56}},"60":{"start":{"line":142,"column":8},"end":{"line":152,"column":9}},"61":{"start":{"line":144,"column":10},"end":{"line":144,"column":66}},"62":{"start":{"line":147,"column":10},"end":{"line":151,"column":13}},"63":{"start":{"line":155,"column":6},"end":{"line":159,"column":8}},"64":{"start":{"line":158,"column":38},"end":{"line":158,"column":57}},"65":{"start":{"line":161,"column":6},"end":{"line":161,"column":56}},"66":{"start":{"line":162,"column":6},"end":{"line":165,"column":8}},"67":{"start":{"line":167,"column":6},"end":{"line":167,"column":24}},"68":{"start":{"line":171,"column":2},"end":{"line":177,"column":3}},"69":{"start":{"line":172,"column":4},"end":{"line":176,"column":6}},"70":{"start":{"line":179,"column":2},"end":{"line":279,"column":4}},"71":{"start":{"line":232,"column":10},"end":{"line":264,"column":17}},"72":{"start":{"line":257,"column":41},"end":{"line":257,"column":79}}},"fnMap":{"0":{"name":"(anonymous_0)","decl":{"start":{"line":23,"column":31},"end":{"line":23,"column":32}},"loc":{"start":{"line":23,"column":58},"end":{"line":280,"column":1}},"line":23},"1":{"name":"(anonymous_1)","decl":{"start":{"line":34,"column":12},"end":{"line":34,"column":13}},"loc":{"start":{"line":34,"column":18},"end":{"line":47,"column":3}},"line":34},"2":{"name":"(anonymous_2)","decl":{"start":{"line":39,"column":30},"end":{"line":39,"column":31}},"loc":{"start":{"line":39,"column":39},"end":{"line":44,"column":7}},"line":39},"3":{"name":"(anonymous_3)","decl":{"start":{"line":49,"column":28},"end":{"line":49,"column":29}},"loc":{"start":{"line":49,"column":40},"end":{"line":59,"column":3}},"line":49},"4":{"name":"(anonymous_4)","decl":{"start":{"line":61,"column":26},"end":{"line":61,"column":27}},"loc":{"start":{"line":61,"column":52},"end":{"line":76,"column":3}},"line":61},"5":{"name":"(anonymous_5)","decl":{"start":{"line":78,"column":23},"end":{"line":78,"column":24}},"loc":{"start":{"line":78,"column":35},"end":{"line":169,"column":3}},"line":78},"6":{"name":"(anonymous_6)","decl":{"start":{"line":158,"column":32},"end":{"line":158,"column":33}},"loc":{"start":{"line":158,"column":38},"end":{"line":158,"column":57}},"line":158},"7":{"name":"(anonymous_7)","decl":{"start":{"line":231,"column":26},"end":{"line":231,"column":27}},"loc":{"start":{"line":232,"column":10},"end":{"line":264,"column":17}},"line":232},"8":{"name":"(anonymous_8)","decl":{"start":{"line":257,"column":30},"end":{"line":257,"column":31}},"loc":{"start":{"line":257,"column":41},"end":{"line":257,"column":79}},"line":257}},"branchMap":{"0":{"loc":{"start":{"line":26,"column":45},"end":{"line":26,"column":84}},"type":"binary-expr","locations":[{"start":{"line":26,"column":45},"end":{"line":26,"column":78}},{"start":{"line":26,"column":82},"end":{"line":26,"column":84}}],"line":26},"1":{"loc":{"start":{"line":27,"column":41},"end":{"line":27,"column":66}},"type":"binary-expr","locations":[{"start":{"line":27,"column":41},"end":{"line":27,"column":60}},{"start":{"line":27,"column":64},"end":{"line":27,"column":66}}],"line":27},"2":{"loc":{"start":{"line":28,"column":37},"end":{"line":28,"column":60}},"type":"binary-expr","locations":[{"start":{"line":28,"column":37},"end":{"line":28,"column":54}},{"start":{"line":28,"column":58},"end":{"line":28,"column":60}}],"line":28},"3":{"loc":{"start":{"line":36,"column":4},"end":{"line":46,"column":5}},"type":"if","locations":[{"start":{"line":36,"column":4},"end":{"line":46,"column":5}},{"start":{},"end":{}}],"line":36},"4":{"loc":{"start":{"line":36,"column":8},"end":{"line":36,"column":34}},"type":"binary-expr","locations":[{"start":{"line":36,"column":8},"end":{"line":36,"column":14}},{"start":{"line":36,"column":18},"end":{"line":36,"column":34}}],"line":36},"5":{"loc":{"start":{"line":62,"column":4},"end":{"line":75,"column":5}},"type":"if","locations":[{"start":{"line":62,"column":4},"end":{"line":75,"column":5}},{"start":{"line":67,"column":11},"end":{"line":75,"column":5}}],"line":62},"6":{"loc":{"start":{"line":62,"column":8},"end":{"line":62,"column":37}},"type":"binary-expr","locations":[{"start":{"line":62,"column":8},"end":{"line":62,"column":20}},{"start":{"line":62,"column":24},"end":{"line":62,"column":37}}],"line":62},"7":{"loc":{"start":{"line":80,"column":4},"end":{"line":83,"column":5}},"type":"if","locations":[{"start":{"line":80,"column":4},"end":{"line":83,"column":5}},{"start":{},"end":{}}],"line":80},"8":{"loc":{"start":{"line":80,"column":8},"end":{"line":80,"column":45}},"type":"binary-expr","locations":[{"start":{"line":80,"column":8},"end":{"line":80,"column":18}},{"start":{"line":80,"column":22},"end":{"line":80,"column":45}}],"line":80},"9":{"loc":{"start":{"line":84,"column":4},"end":{"line":87,"column":5}},"type":"if","locations":[{"start":{"line":84,"column":4},"end":{"line":87,"column":5}},{"start":{},"end":{}}],"line":84},"10":{"loc":{"start":{"line":90,"column":4},"end":{"line":93,"column":5}},"type":"if","locations":[{"start":{"line":90,"column":4},"end":{"line":93,"column":5}},{"start":{},"end":{}}],"line":90},"11":{"loc":{"start":{"line":98,"column":6},"end":{"line":101,"column":7}},"type":"if","locations":[{"start":{"line":98,"column":6},"end":{"line":101,"column":7}},{"start":{},"end":{}}],"line":98},"12":{"loc":{"start":{"line":98,"column":10},"end":{"line":98,"column":27}},"type":"binary-expr","locations":[{"start":{"line":98,"column":10},"end":{"line":98,"column":15}},{"start":{"line":98,"column":19},"end":{"line":98,"column":27}}],"line":98},"13":{"loc":{"start":{"line":110,"column":6},"end":{"line":124,"column":7}},"type":"if","locations":[{"start":{"line":110,"column":6},"end":{"line":124,"column":7}},{"start":{"line":116,"column":13},"end":{"line":124,"column":7}}],"line":110},"14":{"loc":{"start":{"line":114,"column":17},"end":{"line":114,"column":37}},"type":"binary-expr","locations":[{"start":{"line":114,"column":17},"end":{"line":114,"column":29}},{"start":{"line":114,"column":33},"end":{"line":114,"column":37}}],"line":114},"15":{"loc":{"start":{"line":121,"column":17},"end":{"line":121,"column":37}},"type":"binary-expr","locations":[{"start":{"line":121,"column":17},"end":{"line":121,"column":29}},{"start":{"line":121,"column":33},"end":{"line":121,"column":37}}],"line":121},"16":{"loc":{"start":{"line":127,"column":6},"end":{"line":137,"column":7}},"type":"if","locations":[{"start":{"line":127,"column":6},"end":{"line":137,"column":7}},{"start":{},"end":{}}],"line":127},"17":{"loc":{"start":{"line":129,"column":29},"end":{"line":129,"column":50}},"type":"binary-expr","locations":[{"start":{"line":129,"column":29},"end":{"line":129,"column":44}},{"start":{"line":129,"column":48},"end":{"line":129,"column":50}}],"line":129},"18":{"loc":{"start":{"line":132,"column":10},"end":{"line":135,"column":11}},"type":"if","locations":[{"start":{"line":132,"column":10},"end":{"line":135,"column":11}},{"start":{},"end":{}}],"line":132},"19":{"loc":{"start":{"line":142,"column":8},"end":{"line":152,"column":9}},"type":"if","locations":[{"start":{"line":142,"column":8},"end":{"line":152,"column":9}},{"start":{"line":145,"column":15},"end":{"line":152,"column":9}}],"line":142},"20":{"loc":{"start":{"line":157,"column":23},"end":{"line":157,"column":53}},"type":"cond-expr","locations":[{"start":{"line":157,"column":32},"end":{"line":157,"column":41}},{"start":{"line":157,"column":44},"end":{"line":157,"column":53}}],"line":157},"21":{"loc":{"start":{"line":164,"column":8},"end":{"line":164,"column":96}},"type":"binary-expr","locations":[{"start":{"line":164,"column":8},"end":{"line":164,"column":37}},{"start":{"line":164,"column":41},"end":{"line":164,"column":96}}],"line":164},"22":{"loc":{"start":{"line":164,"column":54},"end":{"line":164,"column":82}},"type":"cond-expr","locations":[{"start":{"line":164,"column":63},"end":{"line":164,"column":71}},{"start":{"line":164,"column":74},"end":{"line":164,"column":82}}],"line":164},"23":{"loc":{"start":{"line":171,"column":2},"end":{"line":177,"column":3}},"type":"if","locations":[{"start":{"line":171,"column":2},"end":{"line":177,"column":3}},{"start":{},"end":{}}],"line":171},"24":{"loc":{"start":{"line":183,"column":16},"end":{"line":183,"column":60}},"type":"cond-expr","locations":[{"start":{"line":183,"column":40},"end":{"line":183,"column":49}},{"start":{"line":183,"column":52},"end":{"line":183,"column":60}}],"line":183},"25":{"loc":{"start":{"line":256,"column":23},"end":{"line":256,"column":71}},"type":"binary-expr","locations":[{"start":{"line":256,"column":23},"end":{"line":256,"column":65}},{"start":{"line":256,"column":69},"end":{"line":256,"column":71}}],"line":256},"26":{"loc":{"start":{"line":269,"column":66},"end":{"line":269,"column":93}},"type":"binary-expr","locations":[{"start":{"line":269,"column":66},"end":{"line":269,"column":73}},{"start":{"line":269,"column":77},"end":{"line":269,"column":93}}],"line":269},"27":{"loc":{"start":{"line":274,"column":13},"end":{"line":274,"column":89}},"type":"cond-expr","locations":[{"start":{"line":274,"column":23},"end":{"line":274,"column":34}},{"start":{"line":274,"column":37},"end":{"line":274,"column":89}}],"line":274},"28":{"loc":{"start":{"line":274,"column":37},"end":{"line":274,"column":89}},"type":"cond-expr","locations":[{"start":{"line":274,"column":46},"end":{"line":274,"column":66}},{"start":{"line":274,"column":69},"end":{"line":274,"column":89}}],"line":274}},"s":{"0":1,"1":27,"2":27,"3":27,"4":27,"5":27,"6":27,"7":27,"8":27,"9":27,"10":8,"11":8,"12":1,"13":1,"14":2,"15":1,"16":27,"17":8,"18":8,"19":7,"20":0,"21":0,"22":7,"23":27,"24":2,"25":0,"26":0,"27":0,"28":2,"29":27,"30":3,"31":1,"32":1,"33":2,"34":0,"35":0,"36":2,"37":2,"38":1,"39":1,"40":1,"41":1,"42":1,"43":0,"44":0,"45":1,"46":1,"47":1,"48":1,"49":0,"50":1,"51":1,"52":1,"53":0,"54":0,"55":0,"56":0,"57":0,"58":1,"59":1,"60":1,"61":0,"62":1,"63":1,"64":1,"65":0,"66":0,"67":1,"68":27,"69":9,"70":18,"71":108,"72":2},"f":{"0":27,"1":8,"2":2,"3":8,"4":2,"5":3,"6":1,"7":108,"8":2},"b":{"0":[27,24],"1":[27,24],"2":[27,24],"3":[1,7],"4":[8,1],"5":[0,2],"6":[2,2],"7":[1,2],"8":[3,3],"9":[0,2],"10":[1,1],"11":[0,1],"12":[1,1],"13":[0,1],"14":[0,0],"15":[1,1],"16":[0,1],"17":[0,0],"18":[0,0],"19":[0,1],"20":[0,1],"21":[0,0],"22":[0,0],"23":[9,18],"24":[18,0],"25":[108,102],"26":[18,1],"27":[1,17],"28":[1,16]},"_coverageSchema":"1a1c01bbd47fc00a2c39e90264f33305004495a9","hash":"d55ef409f580fc12a46508425bdfeb238012a746"}
,"/Users/automation2/Documents/workspace/project/xq-app/xq-fitness/mobile/src/screens/RoutineDetailScreen.js": {"path":"/Users/automation2/Documents/workspace/project/xq-app/xq-fitness/mobile/src/screens/RoutineDetailScreen.js","statementMap":{"0":{"start":{"line":14,"column":28},"end":{"line":188,"column":1}},"1":{"start":{"line":15,"column":24},"end":{"line":15,"column":36}},"2":{"start":{"line":16,"column":32},"end":{"line":16,"column":46}},"3":{"start":{"line":17,"column":32},"end":{"line":17,"column":46}},"4":{"start":{"line":19,"column":29},"end":{"line":30,"column":3}},"5":{"start":{"line":20,"column":4},"end":{"line":29,"column":5}},"6":{"start":{"line":21,"column":6},"end":{"line":21,"column":23}},"7":{"start":{"line":22,"column":19},"end":{"line":22,"column":50}},"8":{"start":{"line":23,"column":6},"end":{"line":23,"column":23}},"9":{"start":{"line":25,"column":6},"end":{"line":25,"column":62}},"10":{"start":{"line":26,"column":6},"end":{"line":26,"column":61}},"11":{"start":{"line":28,"column":6},"end":{"line":28,"column":24}},"12":{"start":{"line":32,"column":2},"end":{"line":36,"column":4}},"13":{"start":{"line":34,"column":6},"end":{"line":34,"column":27}},"14":{"start":{"line":38,"column":26},"end":{"line":60,"column":3}},"15":{"start":{"line":39,"column":4},"end":{"line":59,"column":6}},"16":{"start":{"line":48,"column":12},"end":{"line":55,"column":13}},"17":{"start":{"line":49,"column":14},"end":{"line":49,"column":44}},"18":{"start":{"line":50,"column":14},"end":{"line":50,"column":73}},"19":{"start":{"line":51,"column":14},"end":{"line":51,"column":35}},"20":{"start":{"line":53,"column":14},"end":{"line":53,"column":66}},"21":{"start":{"line":54,"column":14},"end":{"line":54,"column":67}},"22":{"start":{"line":62,"column":2},"end":{"line":68,"column":3}},"23":{"start":{"line":63,"column":4},"end":{"line":67,"column":6}},"24":{"start":{"line":70,"column":2},"end":{"line":76,"column":3}},"25":{"start":{"line":71,"column":4},"end":{"line":75,"column":6}},"26":{"start":{"line":78,"column":2},"end":{"line":187,"column":4}},"27":{"start":{"line":101,"column":16},"end":{"line":104,"column":18}},"28":{"start":{"line":114,"column":28},"end":{"line":114,"column":53}},"29":{"start":{"line":116,"column":14},"end":{"line":166,"column":21}},"30":{"start":{"line":130,"column":24},"end":{"line":134,"column":26}},"31":{"start":{"line":142,"column":37},"end":{"line":142,"column":73}},"32":{"start":{"line":157,"column":22},"end":{"line":162,"column":29}},"33":{"start":{"line":174,"column":16},"end":{"line":177,"column":18}}},"fnMap":{"0":{"name":"(anonymous_0)","decl":{"start":{"line":14,"column":28},"end":{"line":14,"column":29}},"loc":{"start":{"line":14,"column":55},"end":{"line":188,"column":1}},"line":14},"1":{"name":"(anonymous_1)","decl":{"start":{"line":19,"column":29},"end":{"line":19,"column":30}},"loc":{"start":{"line":19,"column":41},"end":{"line":30,"column":3}},"line":19},"2":{"name":"(anonymous_2)","decl":{"start":{"line":33,"column":16},"end":{"line":33,"column":17}},"loc":{"start":{"line":33,"column":22},"end":{"line":35,"column":5}},"line":33},"3":{"name":"(anonymous_3)","decl":{"start":{"line":38,"column":26},"end":{"line":38,"column":27}},"loc":{"start":{"line":38,"column":46},"end":{"line":60,"column":3}},"line":38},"4":{"name":"(anonymous_4)","decl":{"start":{"line":47,"column":19},"end":{"line":47,"column":20}},"loc":{"start":{"line":47,"column":31},"end":{"line":56,"column":11}},"line":47},"5":{"name":"(anonymous_5)","decl":{"start":{"line":100,"column":23},"end":{"line":100,"column":24}},"loc":{"start":{"line":101,"column":16},"end":{"line":104,"column":18}},"line":101},"6":{"name":"(anonymous_6)","decl":{"start":{"line":114,"column":18},"end":{"line":114,"column":19}},"loc":{"start":{"line":114,"column":28},"end":{"line":114,"column":53}},"line":114},"7":{"name":"(anonymous_7)","decl":{"start":{"line":115,"column":17},"end":{"line":115,"column":18}},"loc":{"start":{"line":116,"column":14},"end":{"line":166,"column":21}},"line":116},"8":{"name":"(anonymous_8)","decl":{"start":{"line":129,"column":31},"end":{"line":129,"column":32}},"loc":{"start":{"line":130,"column":24},"end":{"line":134,"column":26}},"line":130},"9":{"name":"(anonymous_9)","decl":{"start":{"line":142,"column":31},"end":{"line":142,"column":32}},"loc":{"start":{"line":142,"column":37},"end":{"line":142,"column":73}},"line":142},"10":{"name":"(anonymous_10)","decl":{"start":{"line":156,"column":34},"end":{"line":156,"column":35}},"loc":{"start":{"line":157,"column":22},"end":{"line":162,"column":29}},"line":157},"11":{"name":"(anonymous_11)","decl":{"start":{"line":173,"column":23},"end":{"line":173,"column":24}},"loc":{"start":{"line":174,"column":16},"end":{"line":177,"column":18}},"line":174}},"branchMap":{"0":{"loc":{"start":{"line":62,"column":2},"end":{"line":68,"column":3}},"type":"if","locations":[{"start":{"line":62,"column":2},"end":{"line":68,"column":3}},{"start":{},"end":{}}],"line":62},"1":{"loc":{"start":{"line":70,"column":2},"end":{"line":76,"column":3}},"type":"if","locations":[{"start":{"line":70,"column":2},"end":{"line":76,"column":3}},{"start":{},"end":{}}],"line":70},"2":{"loc":{"start":{"line":84,"column":11},"end":{"line":88,"column":11}},"type":"binary-expr","locations":[{"start":{"line":84,"column":11},"end":{"line":84,"column":30}},{"start":{"line":85,"column":12},"end":{"line":87,"column":19}}],"line":84},"3":{"loc":{"start":{"line":90,"column":21},"end":{"line":90,"column":61}},"type":"cond-expr","locations":[{"start":{"line":90,"column":40},"end":{"line":90,"column":48}},{"start":{"line":90,"column":51},"end":{"line":90,"column":61}}],"line":90},"4":{"loc":{"start":{"line":112,"column":9},"end":{"line":184,"column":9}},"type":"cond-expr","locations":[{"start":{"line":113,"column":10},"end":{"line":167,"column":14}},{"start":{"line":169,"column":10},"end":{"line":183,"column":17}}],"line":112},"5":{"loc":{"start":{"line":112,"column":9},"end":{"line":112,"column":62}},"type":"binary-expr","locations":[{"start":{"line":112,"column":9},"end":{"line":112,"column":28}},{"start":{"line":112,"column":32},"end":{"line":112,"column":62}}],"line":112},"6":{"loc":{"start":{"line":122,"column":21},"end":{"line":124,"column":21}},"type":"binary-expr","locations":[{"start":{"line":122,"column":21},"end":{"line":122,"column":30}},{"start":{"line":123,"column":22},"end":{"line":123,"column":81}}],"line":122},"7":{"loc":{"start":{"line":151,"column":17},"end":{"line":165,"column":17}},"type":"binary-expr","locations":[{"start":{"line":151,"column":17},"end":{"line":151,"column":25}},{"start":{"line":151,"column":29},"end":{"line":151,"column":48}},{"start":{"line":152,"column":18},"end":{"line":164,"column":25}}],"line":151}},"s":{"0":1,"1":14,"2":14,"3":14,"4":14,"5":8,"6":8,"7":8,"8":7,"9":0,"10":0,"11":7,"12":14,"13":7,"14":14,"15":1,"16":1,"17":1,"18":1,"19":1,"20":0,"21":0,"22":14,"23":7,"24":7,"25":0,"26":7,"27":1,"28":0,"29":6,"30":1,"31":1,"32":6,"33":0},"f":{"0":14,"1":8,"2":7,"3":1,"4":1,"5":1,"6":0,"7":6,"8":1,"9":1,"10":6,"11":0},"b":{"0":[7,7],"1":[0,7],"2":[7,7],"3":[7,0],"4":[6,1],"5":[7,7],"6":[6,6],"7":[6,6,6]},"_coverageSchema":"1a1c01bbd47fc00a2c39e90264f33305004495a9","hash":"a79892da1914490aaa5f5dfa89eba4b2dd60bab6"}
,"/Users/automation2/Documents/workspace/project/xq-app/xq-fitness/mobile/src/screens/RoutineListScreen.js": {"path":"/Users/automation2/Documents/workspace/project/xq-app/xq-fitness/mobile/src/screens/RoutineListScreen.js","statementMap":{"0":{"start":{"line":15,"column":26},"end":{"line":161,"column":1}},"1":{"start":{"line":16,"column":34},"end":{"line":16,"column":46}},"2":{"start":{"line":17,"column":32},"end":{"line":17,"column":46}},"3":{"start":{"line":18,"column":38},"end":{"line":18,"column":53}},"4":{"start":{"line":20,"column":24},"end":{"line":32,"column":3}},"5":{"start":{"line":21,"column":4},"end":{"line":31,"column":5}},"6":{"start":{"line":22,"column":6},"end":{"line":22,"column":23}},"7":{"start":{"line":23,"column":19},"end":{"line":23,"column":38}},"8":{"start":{"line":24,"column":6},"end":{"line":24,"column":24}},"9":{"start":{"line":26,"column":6},"end":{"line":26,"column":55}},"10":{"start":{"line":27,"column":6},"end":{"line":27,"column":73}},"11":{"start":{"line":29,"column":6},"end":{"line":29,"column":24}},"12":{"start":{"line":30,"column":6},"end":{"line":30,"column":27}},"13":{"start":{"line":34,"column":2},"end":{"line":38,"column":4}},"14":{"start":{"line":36,"column":6},"end":{"line":36,"column":22}},"15":{"start":{"line":40,"column":20},"end":{"line":43,"column":3}},"16":{"start":{"line":41,"column":4},"end":{"line":41,"column":24}},"17":{"start":{"line":42,"column":4},"end":{"line":42,"column":20}},"18":{"start":{"line":45,"column":23},"end":{"line":67,"column":3}},"19":{"start":{"line":46,"column":4},"end":{"line":66,"column":6}},"20":{"start":{"line":55,"column":12},"end":{"line":62,"column":13}},"21":{"start":{"line":56,"column":14},"end":{"line":56,"column":45}},"22":{"start":{"line":57,"column":14},"end":{"line":57,"column":69}},"23":{"start":{"line":58,"column":14},"end":{"line":58,"column":30}},"24":{"start":{"line":60,"column":14},"end":{"line":60,"column":62}},"25":{"start":{"line":61,"column":14},"end":{"line":61,"column":63}},"26":{"start":{"line":69,"column":24},"end":{"line":107,"column":3}},"27":{"start":{"line":70,"column":4},"end":{"line":106,"column":23}},"28":{"start":{"line":73,"column":21},"end":{"line":73,"column":81}},"29":{"start":{"line":92,"column":27},"end":{"line":92,"column":100}},"30":{"start":{"line":99,"column":27},"end":{"line":99,"column":59}},"31":{"start":{"line":109,"column":2},"end":{"line":115,"column":3}},"32":{"start":{"line":110,"column":4},"end":{"line":114,"column":6}},"33":{"start":{"line":117,"column":2},"end":{"line":160,"column":4}},"34":{"start":{"line":123,"column":32},"end":{"line":123,"column":50}},"35":{"start":{"line":155,"column":23},"end":{"line":155,"column":59}}},"fnMap":{"0":{"name":"(anonymous_0)","decl":{"start":{"line":15,"column":26},"end":{"line":15,"column":27}},"loc":{"start":{"line":15,"column":46},"end":{"line":161,"column":1}},"line":15},"1":{"name":"(anonymous_1)","decl":{"start":{"line":20,"column":24},"end":{"line":20,"column":25}},"loc":{"start":{"line":20,"column":36},"end":{"line":32,"column":3}},"line":20},"2":{"name":"(anonymous_2)","decl":{"start":{"line":35,"column":16},"end":{"line":35,"column":17}},"loc":{"start":{"line":35,"column":22},"end":{"line":37,"column":5}},"line":35},"3":{"name":"(anonymous_3)","decl":{"start":{"line":40,"column":20},"end":{"line":40,"column":21}},"loc":{"start":{"line":40,"column":26},"end":{"line":43,"column":3}},"line":40},"4":{"name":"(anonymous_4)","decl":{"start":{"line":45,"column":23},"end":{"line":45,"column":24}},"loc":{"start":{"line":45,"column":51},"end":{"line":67,"column":3}},"line":45},"5":{"name":"(anonymous_5)","decl":{"start":{"line":54,"column":19},"end":{"line":54,"column":20}},"loc":{"start":{"line":54,"column":31},"end":{"line":63,"column":11}},"line":54},"6":{"name":"(anonymous_6)","decl":{"start":{"line":69,"column":24},"end":{"line":69,"column":25}},"loc":{"start":{"line":70,"column":4},"end":{"line":106,"column":23}},"line":70},"7":{"name":"(anonymous_7)","decl":{"start":{"line":73,"column":15},"end":{"line":73,"column":16}},"loc":{"start":{"line":73,"column":21},"end":{"line":73,"column":81}},"line":73},"8":{"name":"(anonymous_8)","decl":{"start":{"line":92,"column":21},"end":{"line":92,"column":22}},"loc":{"start":{"line":92,"column":27},"end":{"line":92,"column":100}},"line":92},"9":{"name":"(anonymous_9)","decl":{"start":{"line":99,"column":21},"end":{"line":99,"column":22}},"loc":{"start":{"line":99,"column":27},"end":{"line":99,"column":59}},"line":99},"10":{"name":"(anonymous_10)","decl":{"start":{"line":123,"column":22},"end":{"line":123,"column":23}},"loc":{"start":{"line":123,"column":32},"end":{"line":123,"column":50}},"line":123},"11":{"name":"(anonymous_11)","decl":{"start":{"line":155,"column":17},"end":{"line":155,"column":18}},"loc":{"start":{"line":155,"column":23},"end":{"line":155,"column":59}},"line":155}},"branchMap":{"0":{"loc":{"start":{"line":78,"column":11},"end":{"line":82,"column":11}},"type":"binary-expr","locations":[{"start":{"line":78,"column":11},"end":{"line":78,"column":27}},{"start":{"line":79,"column":12},"end":{"line":81,"column":19}}],"line":78},"1":{"loc":{"start":{"line":85,"column":15},"end":{"line":85,"column":56}},"type":"cond-expr","locations":[{"start":{"line":85,"column":31},"end":{"line":85,"column":41}},{"start":{"line":85,"column":44},"end":{"line":85,"column":56}}],"line":85},"2":{"loc":{"start":{"line":109,"column":2},"end":{"line":115,"column":3}},"type":"if","locations":[{"start":{"line":109,"column":2},"end":{"line":115,"column":3}},{"start":{},"end":{}}],"line":109},"3":{"loc":{"start":{"line":109,"column":6},"end":{"line":109,"column":28}},"type":"binary-expr","locations":[{"start":{"line":109,"column":6},"end":{"line":109,"column":13}},{"start":{"line":109,"column":17},"end":{"line":109,"column":28}}],"line":109}},"s":{"0":1,"1":17,"2":17,"3":17,"4":17,"5":10,"6":10,"7":10,"8":9,"9":0,"10":0,"11":9,"12":9,"13":17,"14":8,"15":17,"16":1,"17":1,"18":17,"19":1,"20":1,"21":1,"22":1,"23":1,"24":0,"25":0,"26":17,"27":15,"28":1,"29":1,"30":1,"31":17,"32":8,"33":9,"34":20,"35":1},"f":{"0":17,"1":10,"2":8,"3":1,"4":1,"5":1,"6":15,"7":1,"8":1,"9":1,"10":20,"11":1},"b":{"0":[15,15],"1":[10,5],"2":[8,9],"3":[17,8]},"_coverageSchema":"1a1c01bbd47fc00a2c39e90264f33305004495a9","hash":"3c636a9c72b88fd339bb766e042d3e573104590d"}
,"/Users/automation2/Documents/workspace/project/xq-app/xq-fitness/mobile/src/services/api.js": {"path":"/Users/automation2/Documents/workspace/project/xq-app/xq-fitness/mobile/src/services/api.js","statementMap":{"0":{"start":{"line":5,"column":25},"end":{"line":5,"column":123}},"1":{"start":{"line":6,"column":26},"end":{"line":6,"column":126}},"2":{"start":{"line":9,"column":16},"end":{"line":15,"column":2}},"3":{"start":{"line":17,"column":17},"end":{"line":23,"column":2}},"4":{"start":{"line":26,"column":31},"end":{"line":29,"column":1}},"5":{"start":{"line":27,"column":19},"end":{"line":27,"column":54}},"6":{"start":{"line":28,"column":2},"end":{"line":28,"column":23}},"7":{"start":{"line":31,"column":27},"end":{"line":35,"column":1}},"8":{"start":{"line":32,"column":17},"end":{"line":32,"column":54}},"9":{"start":{"line":33,"column":19},"end":{"line":33,"column":61}},"10":{"start":{"line":34,"column":2},"end":{"line":34,"column":23}},"11":{"start":{"line":37,"column":30},"end":{"line":40,"column":1}},"12":{"start":{"line":38,"column":19},"end":{"line":38,"column":62}},"13":{"start":{"line":39,"column":2},"end":{"line":39,"column":23}},"14":{"start":{"line":42,"column":30},"end":{"line":45,"column":1}},"15":{"start":{"line":43,"column":19},"end":{"line":43,"column":67}},"16":{"start":{"line":44,"column":2},"end":{"line":44,"column":23}},"17":{"start":{"line":48,"column":29},"end":{"line":51,"column":1}},"18":{"start":{"line":49,"column":19},"end":{"line":49,"column":57}},"19":{"start":{"line":50,"column":2},"end":{"line":50,"column":23}},"20":{"start":{"line":53,"column":29},"end":{"line":56,"column":1}},"21":{"start":{"line":54,"column":19},"end":{"line":54,"column":69}},"22":{"start":{"line":55,"column":2},"end":{"line":55,"column":23}},"23":{"start":{"line":58,"column":29},"end":{"line":60,"column":1}},"24":{"start":{"line":59,"column":2},"end":{"line":59,"column":50}},"25":{"start":{"line":62,"column":32},"end":{"line":65,"column":1}},"26":{"start":{"line":63,"column":19},"end":{"line":63,"column":61}},"27":{"start":{"line":64,"column":2},"end":{"line":64,"column":23}},"28":{"start":{"line":67,"column":32},"end":{"line":70,"column":1}},"29":{"start":{"line":68,"column":19},"end":{"line":68,"column":69}},"30":{"start":{"line":69,"column":2},"end":{"line":69,"column":23}},"31":{"start":{"line":72,"column":32},"end":{"line":74,"column":1}},"32":{"start":{"line":73,"column":2},"end":{"line":73,"column":50}},"33":{"start":{"line":76,"column":35},"end":{"line":79,"column":1}},"34":{"start":{"line":77,"column":19},"end":{"line":77,"column":65}},"35":{"start":{"line":78,"column":2},"end":{"line":78,"column":23}},"36":{"start":{"line":81,"column":35},"end":{"line":84,"column":1}},"37":{"start":{"line":82,"column":19},"end":{"line":82,"column":73}},"38":{"start":{"line":83,"column":2},"end":{"line":83,"column":23}},"39":{"start":{"line":86,"column":35},"end":{"line":88,"column":1}},"40":{"start":{"line":87,"column":2},"end":{"line":87,"column":54}}},"fnMap":{"0":{"name":"(anonymous_0)","decl":{"start":{"line":26,"column":31},"end":{"line":26,"column":32}},"loc":{"start":{"line":26,"column":43},"end":{"line":29,"column":1}},"line":26},"1":{"name":"(anonymous_1)","decl":{"start":{"line":31,"column":27},"end":{"line":31,"column":28}},"loc":{"start":{"line":31,"column":54},"end":{"line":35,"column":1}},"line":31},"2":{"name":"(anonymous_2)","decl":{"start":{"line":37,"column":30},"end":{"line":37,"column":31}},"loc":{"start":{"line":37,"column":51},"end":{"line":40,"column":1}},"line":37},"3":{"name":"(anonymous_3)","decl":{"start":{"line":42,"column":30},"end":{"line":42,"column":31}},"loc":{"start":{"line":42,"column":51},"end":{"line":45,"column":1}},"line":42},"4":{"name":"(anonymous_4)","decl":{"start":{"line":48,"column":29},"end":{"line":48,"column":30}},"loc":{"start":{"line":48,"column":45},"end":{"line":51,"column":1}},"line":48},"5":{"name":"(anonymous_5)","decl":{"start":{"line":53,"column":29},"end":{"line":53,"column":30}},"loc":{"start":{"line":53,"column":56},"end":{"line":56,"column":1}},"line":53},"6":{"name":"(anonymous_6)","decl":{"start":{"line":58,"column":29},"end":{"line":58,"column":30}},"loc":{"start":{"line":58,"column":50},"end":{"line":60,"column":1}},"line":58},"7":{"name":"(anonymous_7)","decl":{"start":{"line":62,"column":32},"end":{"line":62,"column":33}},"loc":{"start":{"line":62,"column":48},"end":{"line":65,"column":1}},"line":62},"8":{"name":"(anonymous_8)","decl":{"start":{"line":67,"column":32},"end":{"line":67,"column":33}},"loc":{"start":{"line":67,"column":55},"end":{"line":70,"column":1}},"line":67},"9":{"name":"(anonymous_9)","decl":{"start":{"line":72,"column":32},"end":{"line":72,"column":33}},"loc":{"start":{"line":72,"column":49},"end":{"line":74,"column":1}},"line":72},"10":{"name":"(anonymous_10)","decl":{"start":{"line":76,"column":35},"end":{"line":76,"column":36}},"loc":{"start":{"line":76,"column":51},"end":{"line":79,"column":1}},"line":76},"11":{"name":"(anonymous_11)","decl":{"start":{"line":81,"column":35},"end":{"line":81,"column":36}},"loc":{"start":{"line":81,"column":58},"end":{"line":84,"column":1}},"line":81},"12":{"name":"(anonymous_12)","decl":{"start":{"line":86,"column":35},"end":{"line":86,"column":36}},"loc":{"start":{"line":86,"column":52},"end":{"line":88,"column":1}},"line":86}},"branchMap":{"0":{"loc":{"start":{"line":5,"column":25},"end":{"line":5,"column":123}},"type":"binary-expr","locations":[{"start":{"line":5,"column":25},"end":{"line":5,"column":65}},{"start":{"line":5,"column":69},"end":{"line":5,"column":123}}],"line":5},"1":{"loc":{"start":{"line":6,"column":26},"end":{"line":6,"column":126}},"type":"binary-expr","locations":[{"start":{"line":6,"column":26},"end":{"line":6,"column":67}},{"start":{"line":6,"column":71},"end":{"line":6,"column":126}}],"line":6},"2":{"loc":{"start":{"line":31,"column":34},"end":{"line":31,"column":49}},"type":"default-arg","locations":[{"start":{"line":31,"column":45},"end":{"line":31,"column":49}}],"line":31},"3":{"loc":{"start":{"line":32,"column":17},"end":{"line":32,"column":54}},"type":"cond-expr","locations":[{"start":{"line":32,"column":37},"end":{"line":32,"column":49}},{"start":{"line":32,"column":52},"end":{"line":32,"column":54}}],"line":32}},"s":{"0":5,"1":5,"2":5,"3":5,"4":5,"5":0,"6":0,"7":5,"8":0,"9":0,"10":0,"11":5,"12":0,"13":0,"14":5,"15":0,"16":0,"17":5,"18":0,"19":0,"20":5,"21":0,"22":0,"23":5,"24":0,"25":5,"26":0,"27":0,"28":5,"29":0,"30":0,"31":5,"32":0,"33":5,"34":0,"35":0,"36":5,"37":0,"38":0,"39":5,"40":0},"f":{"0":0,"1":0,"2":0,"3":0,"4":0,"5":0,"6":0,"7":0,"8":0,"9":0,"10":0,"11":0,"12":0},"b":{"0":[5,5],"1":[5,5],"2":[0],"3":[0,0]},"_coverageSchema":"1a1c01bbd47fc00a2c39e90264f33305004495a9","hash":"d1a53208c620cad21c21f8e0969c7e0313c925fb"}
,"/Users/automation2/Documents/workspace/project/xq-app/xq-fitness/mobile/src/styles/common.js": {"path":"/Users/automation2/Documents/workspace/project/xq-app/xq-fitness/mobile/src/styles/common.js","statementMap":{"0":{"start":{"line":3,"column":22},"end":{"line":15,"column":1}},"1":{"start":{"line":17,"column":23},"end":{"line":23,"column":1}},"2":{"start":{"line":25,"column":28},"end":{"line":114,"column":2}}},"fnMap":{},"branchMap":{},"s":{"0":5,"1":5,"2":5},"f":{},"b":{},"_coverageSchema":"1a1c01bbd47fc00a2c39e90264f33305004495a9","hash":"9bbf2606858a1193882462c0eee5be15e2e9b2a6"}
}
