TN:
SF:src/navigation/AppNavigator.js
FN:15,(anonymous_0)
FNF:1
FNH:0
FNDA:0,(anonymous_0)
DA:13,0
DA:15,0
DA:16,0
LF:3
LH:0
BRF:0
BRH:0
end_of_record
TN:
SF:src/screens/CreateRoutineScreen.js
FN:16,(anonymous_0)
FN:22,(anonymous_1)
FN:36,(anonymous_2)
FNF:3
FNH:3
FNDA:17,(anonymous_0)
FNDA:3,(anonymous_1)
FNDA:1,(anonymous_2)
DA:16,1
DA:17,17
DA:18,17
DA:19,17
DA:20,17
DA:22,17
DA:23,3
DA:24,1
DA:25,1
DA:28,2
DA:29,2
DA:30,2
DA:35,1
DA:36,1
DA:39,1
DA:40,1
DA:45,2
DA:49,17
LF:18
LH:18
BRDA:23,0,0,1
BRDA:23,0,1,2
BRDA:32,1,0,2
BRDA:32,1,1,1
BRDA:42,2,0,1
BRDA:42,2,1,0
BRDA:53,3,0,17
BRDA:53,3,1,0
BRDA:95,4,0,17
BRDA:95,4,1,2
BRDA:100,5,0,2
BRDA:100,5,1,15
BRF:12
BRH:10
end_of_record
TN:
SF:src/screens/EditRoutineScreen.js
FN:16,(anonymous_0)
FN:23,(anonymous_1)
FN:37,(anonymous_2)
FNF:3
FNH:3
FNDA:9,(anonymous_0)
FNDA:2,(anonymous_1)
FNDA:1,(anonymous_2)
DA:16,1
DA:17,9
DA:18,9
DA:19,9
DA:20,9
DA:21,9
DA:23,9
DA:24,2
DA:25,1
DA:26,1
DA:29,1
DA:30,1
DA:31,1
DA:36,1
DA:37,1
DA:40,0
DA:41,0
DA:46,1
DA:50,9
LF:19
LH:17
BRDA:19,0,0,9
BRDA:19,0,1,0
BRDA:24,1,0,1
BRDA:24,1,1,1
BRDA:33,2,0,1
BRDA:33,2,1,0
BRDA:43,3,0,0
BRDA:43,3,1,0
BRDA:54,4,0,9
BRDA:54,4,1,0
BRDA:96,5,0,9
BRDA:96,5,1,1
BRDA:101,6,0,1
BRDA:101,6,1,8
BRF:14
BRH:9
end_of_record
TN:
SF:src/screens/ManageWorkoutDayScreen.js
FN:23,(anonymous_0)
FN:34,(anonymous_1)
FN:39,(anonymous_2)
FN:49,(anonymous_3)
FN:61,(anonymous_4)
FN:78,(anonymous_5)
FN:158,(anonymous_6)
FN:231,(anonymous_7)
FN:257,(anonymous_8)
FNF:9
FNH:9
FNDA:27,(anonymous_0)
FNDA:8,(anonymous_1)
FNDA:2,(anonymous_2)
FNDA:8,(anonymous_3)
FNDA:2,(anonymous_4)
FNDA:3,(anonymous_5)
FNDA:1,(anonymous_6)
FNDA:108,(anonymous_7)
FNDA:2,(anonymous_8)
DA:23,1
DA:24,27
DA:26,27
DA:27,27
DA:28,27
DA:29,27
DA:30,27
DA:31,27
DA:32,27
DA:34,27
DA:35,8
DA:36,8
DA:38,1
DA:39,1
DA:40,2
DA:45,1
DA:49,27
DA:50,8
DA:51,8
DA:52,7
DA:54,0
DA:55,0
DA:57,7
DA:61,27
DA:62,2
DA:64,0
DA:65,0
DA:66,0
DA:68,2
DA:78,27
DA:80,3
DA:81,1
DA:82,1
DA:84,2
DA:85,0
DA:86,0
DA:89,2
DA:90,2
DA:91,1
DA:92,1
DA:96,1
DA:97,1
DA:98,1
DA:99,0
DA:100,0
DA:104,1
DA:105,1
DA:107,1
DA:110,1
DA:111,0
DA:117,1
DA:123,1
DA:127,1
DA:129,0
DA:130,0
DA:131,0
DA:132,0
DA:134,0
DA:140,1
DA:141,1
DA:142,1
DA:144,0
DA:147,1
DA:155,1
DA:158,1
DA:161,0
DA:162,0
DA:167,1
DA:171,27
DA:172,9
DA:179,18
DA:232,108
DA:257,2
LF:73
LH:55
BRDA:26,0,0,27
BRDA:26,0,1,24
BRDA:27,1,0,27
BRDA:27,1,1,24
BRDA:28,2,0,27
BRDA:28,2,1,24
BRDA:36,3,0,1
BRDA:36,3,1,7
BRDA:36,4,0,8
BRDA:36,4,1,1
BRDA:62,5,0,0
BRDA:62,5,1,2
BRDA:62,6,0,2
BRDA:62,6,1,2
BRDA:80,7,0,1
BRDA:80,7,1,2
BRDA:80,8,0,3
BRDA:80,8,1,3
BRDA:84,9,0,0
BRDA:84,9,1,2
BRDA:90,10,0,1
BRDA:90,10,1,1
BRDA:98,11,0,0
BRDA:98,11,1,1
BRDA:98,12,0,1
BRDA:98,12,1,1
BRDA:110,13,0,0
BRDA:110,13,1,1
BRDA:114,14,0,0
BRDA:114,14,1,0
BRDA:121,15,0,1
BRDA:121,15,1,1
BRDA:127,16,0,0
BRDA:127,16,1,1
BRDA:129,17,0,0
BRDA:129,17,1,0
BRDA:132,18,0,0
BRDA:132,18,1,0
BRDA:142,19,0,0
BRDA:142,19,1,1
BRDA:157,20,0,0
BRDA:157,20,1,1
BRDA:164,21,0,0
BRDA:164,21,1,0
BRDA:164,22,0,0
BRDA:164,22,1,0
BRDA:171,23,0,9
BRDA:171,23,1,18
BRDA:183,24,0,18
BRDA:183,24,1,0
BRDA:256,25,0,108
BRDA:256,25,1,102
BRDA:269,26,0,18
BRDA:269,26,1,1
BRDA:274,27,0,1
BRDA:274,27,1,17
BRDA:274,28,0,1
BRDA:274,28,1,16
BRF:58
BRH:40
end_of_record
TN:
SF:src/screens/RoutineDetailScreen.js
FN:14,(anonymous_0)
FN:19,(anonymous_1)
FN:33,(anonymous_2)
FN:38,(anonymous_3)
FN:47,(anonymous_4)
FN:100,(anonymous_5)
FN:114,(anonymous_6)
FN:115,(anonymous_7)
FN:129,(anonymous_8)
FN:142,(anonymous_9)
FN:156,(anonymous_10)
FN:173,(anonymous_11)
FNF:12
FNH:10
FNDA:14,(anonymous_0)
FNDA:8,(anonymous_1)
FNDA:7,(anonymous_2)
FNDA:1,(anonymous_3)
FNDA:1,(anonymous_4)
FNDA:1,(anonymous_5)
FNDA:0,(anonymous_6)
FNDA:6,(anonymous_7)
FNDA:1,(anonymous_8)
FNDA:1,(anonymous_9)
FNDA:6,(anonymous_10)
FNDA:0,(anonymous_11)
DA:14,1
DA:15,14
DA:16,14
DA:17,14
DA:19,14
DA:20,8
DA:21,8
DA:22,8
DA:23,7
DA:25,0
DA:26,0
DA:28,7
DA:32,14
DA:34,7
DA:38,14
DA:39,1
DA:48,1
DA:49,1
DA:50,1
DA:51,1
DA:53,0
DA:54,0
DA:62,14
DA:63,7
DA:70,7
DA:71,0
DA:78,7
DA:101,1
DA:114,0
DA:116,6
DA:130,1
DA:142,1
DA:157,6
DA:174,0
LF:34
LH:27
BRDA:62,0,0,7
BRDA:62,0,1,7
BRDA:70,1,0,0
BRDA:70,1,1,7
BRDA:84,2,0,7
BRDA:84,2,1,7
BRDA:90,3,0,7
BRDA:90,3,1,0
BRDA:112,4,0,6
BRDA:112,4,1,1
BRDA:112,5,0,7
BRDA:112,5,1,7
BRDA:122,6,0,6
BRDA:122,6,1,6
BRDA:151,7,0,6
BRDA:151,7,1,6
BRDA:151,7,2,6
BRF:17
BRH:15
end_of_record
TN:
SF:src/screens/RoutineListScreen.js
FN:15,(anonymous_0)
FN:20,(anonymous_1)
FN:35,(anonymous_2)
FN:40,(anonymous_3)
FN:45,(anonymous_4)
FN:54,(anonymous_5)
FN:69,(anonymous_6)
FN:73,(anonymous_7)
FN:92,(anonymous_8)
FN:99,(anonymous_9)
FN:123,(anonymous_10)
FN:155,(anonymous_11)
FNF:12
FNH:12
FNDA:17,(anonymous_0)
FNDA:10,(anonymous_1)
FNDA:8,(anonymous_2)
FNDA:1,(anonymous_3)
FNDA:1,(anonymous_4)
FNDA:1,(anonymous_5)
FNDA:15,(anonymous_6)
FNDA:1,(anonymous_7)
FNDA:1,(anonymous_8)
FNDA:1,(anonymous_9)
FNDA:20,(anonymous_10)
FNDA:1,(anonymous_11)
DA:15,1
DA:16,17
DA:17,17
DA:18,17
DA:20,17
DA:21,10
DA:22,10
DA:23,10
DA:24,9
DA:26,0
DA:27,0
DA:29,9
DA:30,9
DA:34,17
DA:36,8
DA:40,17
DA:41,1
DA:42,1
DA:45,17
DA:46,1
DA:55,1
DA:56,1
DA:57,1
DA:58,1
DA:60,0
DA:61,0
DA:69,17
DA:70,15
DA:73,1
DA:92,1
DA:99,1
DA:109,17
DA:110,8
DA:117,9
DA:123,20
DA:155,1
LF:36
LH:32
BRDA:78,0,0,15
BRDA:78,0,1,15
BRDA:85,1,0,10
BRDA:85,1,1,5
BRDA:109,2,0,8
BRDA:109,2,1,9
BRDA:109,3,0,17
BRDA:109,3,1,8
BRF:8
BRH:8
end_of_record
TN:
SF:src/services/api.js
FN:26,(anonymous_0)
FN:31,(anonymous_1)
FN:37,(anonymous_2)
FN:42,(anonymous_3)
FN:48,(anonymous_4)
FN:53,(anonymous_5)
FN:58,(anonymous_6)
FN:62,(anonymous_7)
FN:67,(anonymous_8)
FN:72,(anonymous_9)
FN:76,(anonymous_10)
FN:81,(anonymous_11)
FN:86,(anonymous_12)
FNF:13
FNH:0
FNDA:0,(anonymous_0)
FNDA:0,(anonymous_1)
FNDA:0,(anonymous_2)
FNDA:0,(anonymous_3)
FNDA:0,(anonymous_4)
FNDA:0,(anonymous_5)
FNDA:0,(anonymous_6)
FNDA:0,(anonymous_7)
FNDA:0,(anonymous_8)
FNDA:0,(anonymous_9)
FNDA:0,(anonymous_10)
FNDA:0,(anonymous_11)
FNDA:0,(anonymous_12)
DA:5,5
DA:6,5
DA:9,5
DA:17,5
DA:26,5
DA:27,0
DA:28,0
DA:31,5
DA:32,0
DA:33,0
DA:34,0
DA:37,5
DA:38,0
DA:39,0
DA:42,5
DA:43,0
DA:44,0
DA:48,5
DA:49,0
DA:50,0
DA:53,5
DA:54,0
DA:55,0
DA:58,5
DA:59,0
DA:62,5
DA:63,0
DA:64,0
DA:67,5
DA:68,0
DA:69,0
DA:72,5
DA:73,0
DA:76,5
DA:77,0
DA:78,0
DA:81,5
DA:82,0
DA:83,0
DA:86,5
DA:87,0
LF:41
LH:17
BRDA:5,0,0,5
BRDA:5,0,1,5
BRDA:6,1,0,5
BRDA:6,1,1,5
BRDA:31,2,0,0
BRDA:32,3,0,0
BRDA:32,3,1,0
BRF:7
BRH:4
end_of_record
TN:
SF:src/styles/common.js
FNF:0
FNH:0
DA:3,5
DA:17,5
DA:25,5
LF:3
LH:3
BRF:0
BRH:0
end_of_record
